#
# A fatal error has been detected by the Java Runtime Environment:
#
#  SIGSEGV (0xb) at pc=0x00000001055a381d, pid=1907, tid=12035
#
# JRE version: Java(TM) SE Runtime Environment (8.0_40-b25) (build 1.8.0_40-b25)
# Java VM: Java HotSpot(TM) 64-Bit Server VM (25.40-b25 mixed mode bsd-amd64 compressed oops)
# Problematic frame:
# V  [libjvm.dylib+0x1a381d]  oopDesc::size()+0x89
#
# Failed to write core dump. Core dumps have been disabled. To enable core dumping, try "ulimit -c unlimited" before starting Java again
#
# If you would like to submit a bug report, please visit:
#   http://bugreport.java.com/bugreport/crash.jsp
#

---------------  T H R E A D  ---------------

Current thread (0x00007fb364809000):  GCTaskThread [stack: 0x0000000116196000,0x0000000116296000] [id=12035]

siginfo: si_signo: 11 (SIGSEGV), si_code: 1 (SEGV_MAPERR), si_addr: 0x00000000000000e8

Registers:
RAX=0x0000000000000000, RBX=0x00007fb361c02920, RCX=0x0000000000efd003, RDX=0x00000000077e8101
RSP=0x0000000116295c40, RBP=0x0000000116295c40, RSI=0x00000007bbf40ed8, RDI=0x00000007c002eaf8
R8 =0x000000000000077e, R9 =0x000000000000a80d, R10=0x0000000000000001, R11=0x0000000000000002
R12=0x00000007bbf40c04, R13=0x00000007bbf40c08, R14=0x00000007bbf40ed8, R15=0x00000007c002ec10
RIP=0x00000001055a381d, EFLAGS=0x0000000000010246, ERR=0x0000000000000004
  TRAPNO=0x000000000000000e

Top of Stack: (sp=0x0000000116295c40)
0x0000000116295c40:   0000000116295c70 00000001056b71ca
0x0000000116295c50:   00007fb361c02920 00007fb361c02920
0x0000000116295c60:   00000007c002ec08 00000007c002ec10
0x0000000116295c70:   0000000116295cc0 00000001056b3b9b
0x0000000116295c80:   00000007bbf40bf4 00000007bbf40be0
0x0000000116295c90:   0000000000000000 00007fb361c02920
0x0000000116295ca0:   00000007bbf40be0 0000000105c15520
0x0000000116295cb0:   00007fb361c02928 0000000105c15520
0x0000000116295cc0:   0000000116295d50 000000010589e242
0x0000000116295cd0:   0000000116295d00 00007fb361c02960
0x0000000116295ce0:   00007fb361c029a8 00007fb361c029e0
0x0000000116295cf0:   00000007c002ec08 00000007c002ec10
0x0000000116295d00:   00000007bbf40be0 00000001056b3b9b
0x0000000116295d10:   00000007bbf179a4 00000007bbf17990
0x0000000116295d20:   0000000000000000 0000000000000007
0x0000000116295d30:   0000000116295d80 0000000105c15520
0x0000000116295d40:   00007fb361c02920 0000000116295d6c
0x0000000116295d50:   0000000116295db0 0000000105891ccf
0x0000000116295d60:   00007fb3626b4d60 287062390566bca1
0x0000000116295d70:   0000000000000000 0000000000000000
0x0000000116295d80:   00000007bbf17990 00007fb364809000
0x0000000116295d90:   0000000000000000 00000001059ede9b
0x0000000116295da0:   00007fb3626b4d60 0000000000000001
0x0000000116295db0:   0000000116295e90 000000010566c155
0x0000000116295dc0:   0000000116295df0 00007fb36400bac0
0x0000000116295dd0:   00007fb36400baf0 00007fb36400bb00
0x0000000116295de0:   00007fb36400bed8 00000000000003d8
0x0000000116295df0:   00007fb364809000 00007fb36400bee0
0x0000000116295e00:   00007fb36400bf20 00007fb36400bf30
0x0000000116295e10:   00007fb36400c008 00000000000000d8
0x0000000116295e20:   0000000116295e30 0000000000000000
0x0000000116295e30:   00007fb364809000 00007fb36400bee0 

Instructions: (pc=0x00000001055a381d)
0x00000001055a37fd:   00 48 01 c1 48 ba ff ff ff ff 07 00 00 00 48 01
0x00000001055a380d:   ca 48 f7 d8 48 21 d0 48 c1 e8 03 5d c3 48 8b 07
0x00000001055a381d:   48 8b 80 e8 00 00 00 5d ff e0 90 55 48 89 e5 41
0x00000001055a382d:   57 41 56 41 55 41 54 53 48 83 ec 28 48 89 f3 49 

Register to memory mapping:

RAX=0x0000000000000000 is an unknown value
RBX=0x00007fb361c02920 is an unknown value
RCX=0x0000000000efd003 is an unknown value
RDX=0x00000000077e8101 is an unknown value
RSP=0x0000000116295c40 is an unknown value
RBP=0x0000000116295c40 is an unknown value
RSI=0x00000007bbf40ed8 is an oop

[error occurred during error reporting (printing register info), id 0xb]

Stack: [0x0000000116196000,0x0000000116296000],  sp=0x0000000116295c40,  free space=1023k
Native frames: (J=compiled Java code, j=interpreted, Vv=VM code, C=native code)
V  [libjvm.dylib+0x1a381d]  oopDesc::size()+0x89
V  [libjvm.dylib+0x2b71ca]  void PSParallelCompact::mark_and_push<unsigned int>(ParCompactionManager*, unsigned int*)+0x6a
V  [libjvm.dylib+0x2b3b9b]  InstanceKlass::oop_follow_contents(ParCompactionManager*, oopDesc*)+0x10d
V  [libjvm.dylib+0x49e242]  ParCompactionManager::follow_marking_stacks()+0xb4
V  [libjvm.dylib+0x491ccf]  StealMarkingTask::do_it(GCTaskManager*, unsigned int)+0xd1
V  [libjvm.dylib+0x26c155]  GCTaskThread::run()+0x1a1
V  [libjvm.dylib+0x46ea8e]  java_start(Thread*)+0xf6
C  [libsystem_pthread.dylib+0x3268]  _pthread_body+0x83
C  [libsystem_pthread.dylib+0x31e5]  _pthread_body+0x0
C  [libsystem_pthread.dylib+0x141d]  thread_start+0xd


---------------  P R O C E S S  ---------------

Java Threads: ( => current thread )
  0x00007fb362e0b800 JavaThread "File lock request listener" [_thread_in_native, id=24323, stack(0x000000011ef58000,0x000000011f058000)]
  0x00007fb3622c3800 JavaThread "process reaper" daemon [_thread_blocked, id=23811, stack(0x000000011e6bb000,0x000000011e6e3000)]
  0x00007fb364ab7800 JavaThread "Stdin handler" [_thread_blocked, id=23299, stack(0x000000011dc32000,0x000000011dd32000)]
  0x00007fb3621f4800 JavaThread "Handler for socket connection at /127.0.0.1:64022 with /127.0.0.1:64023" [_thread_in_native, id=22787, stack(0x000000011d92f000,0x000000011da2f000)]
  0x00007fb362b52000 JavaThread "Daemon" [_thread_blocked, id=22275, stack(0x000000011d82c000,0x000000011d92c000)]
  0x00007fb36308c800 JavaThread "Incoming local TCP Connector on port 64022" [_thread_in_native, id=21763, stack(0x000000011d729000,0x000000011d829000)]
  0x00007fb36482d800 JavaThread "Service Thread" daemon [_thread_blocked, id=20739, stack(0x000000011cce0000,0x000000011cde0000)]
  0x00007fb36482b000 JavaThread "C1 CompilerThread3" daemon [_thread_blocked, id=20227, stack(0x000000011cbdd000,0x000000011ccdd000)]
  0x00007fb36482a000 JavaThread "C2 CompilerThread2" daemon [_thread_blocked, id=19715, stack(0x000000011cada000,0x000000011cbda000)]
  0x00007fb36283c000 JavaThread "C2 CompilerThread1" daemon [_thread_blocked, id=19203, stack(0x000000011c9d7000,0x000000011cad7000)]
  0x00007fb36302b000 JavaThread "C2 CompilerThread0" daemon [_thread_blocked, id=18691, stack(0x000000011c8d4000,0x000000011c9d4000)]
  0x00007fb363005000 JavaThread "Signal Dispatcher" daemon [_thread_blocked, id=15383, stack(0x000000011c7d1000,0x000000011c8d1000)]
  0x00007fb36200b800 JavaThread "Finalizer" daemon [_thread_blocked, id=13571, stack(0x000000011ada5000,0x000000011aea5000)]
  0x00007fb36200b000 JavaThread "Reference Handler" daemon [_thread_blocked, id=13059, stack(0x000000011aca2000,0x000000011ada2000)]
  0x00007fb363802800 JavaThread "main" [_thread_blocked, id=4867, stack(0x0000000104245000,0x0000000104345000)]

Other Threads:
  0x00007fb362008800 VMThread [stack: 0x000000011ab9f000,0x000000011ac9f000] [id=12547]
  0x00007fb36482e800 WatcherThread [stack: 0x000000011cde3000,0x000000011cee3000] [id=21251]

=>0x00007fb364809000 (exited) GCTaskThread [stack: 0x0000000116196000,0x0000000116296000] [id=12035]

VM state:at safepoint (normal execution)

VM Mutex/Monitor currently owned by a thread:  ([mutex/lock_event])
[0x00007fb361e03880] Threads_lock - owner thread: 0x00007fb362008800
[0x00007fb361e03d80] Heap_lock - owner thread: 0x00007fb362b52000

Heap:
 PSYoungGen      total 272896K, used 10641K [0x00000007aab00000, 0x00000007bc000000, 0x00000007c0000000)
  eden space 262144K, 0% used [0x00000007aab00000,0x00000007aab00000,0x00000007bab00000)
  from space 10752K, 98% used [0x00000007bb580000,0x00000007bbfe45f0,0x00000007bc000000)
  to   space 10752K, 0% used [0x00000007bab00000,0x00000007bab00000,0x00000007bb580000)
 ParOldGen       total 175104K, used 1221K [0x0000000780000000, 0x000000078ab00000, 0x00000007aab00000)
  object space 175104K, 0% used [0x0000000780000000,0x0000000780131408,0x000000078ab00000)
 Metaspace       used 20612K, capacity 21198K, committed 21296K, reserved 1067008K
  class space    used 2707K, capacity 2908K, committed 2944K, reserved 1048576K

Card table byte_map: [0x0000000115729000,0x000000011592a000] byte_map_base: 0x0000000111b29000

Marking Bits: (ParMarkBitMap*) 0x0000000105cc27a0
 Begin Bits: [0x0000000116298000, 0x0000000117298000)
 End Bits:   [0x0000000117298000, 0x0000000118298000)

Polling page: 0x000000010438a000

CodeCache: size=245760Kb used=7832Kb max_used=7849Kb free=237927Kb
 bounds [0x0000000106369000, 0x0000000106b19000, 0x0000000115369000]
 total_blobs=2572 nmethods=2212 adapters=273
 compilation: enabled

Compilation events (10 events):
Event: 2.140 Thread 0x00007fb36283c000 nmethod 2210 0x0000000106b05e50 code [0x0000000106b05fa0, 0x0000000106b062c8]
Event: 2.140 Thread 0x00007fb36283c000 2208       4       java.net.URLClassLoader$1::run (5 bytes)
Event: 2.140 Thread 0x00007fb36482b000 2216       3       org.codehaus.groovy.runtime.metaclass.ReflectionMetaMethod::getName (8 bytes)
Event: 2.140 Thread 0x00007fb36482b000 nmethod 2216 0x0000000106b17690 code [0x0000000106b17800, 0x0000000106b17a70]
Event: 2.140 Thread 0x00007fb36482b000 2217       3       org.codehaus.groovy.util.FastArray::set (8 bytes)
Event: 2.140 Thread 0x00007fb36482a000 nmethod 2191 0x0000000106b0db10 code [0x0000000106b0dca0, 0x0000000106b0e9e8]
Event: 2.140 Thread 0x00007fb36482a000 2209   !   4       java.net.URLClassLoader$1::run (63 bytes)
Event: 2.140 Thread 0x00007fb36482b000 nmethod 2217 0x0000000106b0d5d0 code [0x0000000106b0d740, 0x0000000106b0d9f0]
Event: 2.140 Thread 0x00007fb36482b000 2218       3       java.util.Arrays$LegacyMergeSort::access$000 (4 bytes)
Event: 2.141 Thread 0x00007fb36482b000 nmethod 2218 0x0000000106b05ad0 code [0x0000000106b05c20, 0x0000000106b05d50]

GC Heap History (9 events):
Event: 0.810 GC heap before
{Heap before GC invocations=1 (full 0):
 PSYoungGen      total 76288K, used 65536K [0x00000007aab00000, 0x00000007b0000000, 0x00000007c0000000)
  eden space 65536K, 100% used [0x00000007aab00000,0x00000007aeb00000,0x00000007aeb00000)
  from space 10752K, 0% used [0x00000007af580000,0x00000007af580000,0x00000007b0000000)
  to   space 10752K, 0% used [0x00000007aeb00000,0x00000007aeb00000,0x00000007af580000)
 ParOldGen       total 175104K, used 0K [0x0000000780000000, 0x000000078ab00000, 0x00000007aab00000)
  object space 175104K, 0% used [0x0000000780000000,0x0000000780000000,0x000000078ab00000)
 Metaspace       used 12133K, capacity 12436K, committed 12544K, reserved 1060864K
  class space    used 1630K, capacity 1715K, committed 1792K, reserved 1048576K
Event: 0.819 GC heap after
Heap after GC invocations=1 (full 0):
 PSYoungGen      total 76288K, used 9311K [0x00000007aab00000, 0x00000007b4000000, 0x00000007c0000000)
  eden space 65536K, 0% used [0x00000007aab00000,0x00000007aab00000,0x00000007aeb00000)
  from space 10752K, 86% used [0x00000007aeb00000,0x00000007af417ea8,0x00000007af580000)
  to   space 10752K, 0% used [0x00000007b3580000,0x00000007b3580000,0x00000007b4000000)
 ParOldGen       total 175104K, used 16K [0x0000000780000000, 0x000000078ab00000, 0x00000007aab00000)
  object space 175104K, 0% used [0x0000000780000000,0x0000000780004000,0x000000078ab00000)
 Metaspace       used 12133K, capacity 12436K, committed 12544K, reserved 1060864K
  class space    used 1630K, capacity 1715K, committed 1792K, reserved 1048576K
}
Event: 1.579 GC heap before
{Heap before GC invocations=2 (full 0):
 PSYoungGen      total 76288K, used 74847K [0x00000007aab00000, 0x00000007b4000000, 0x00000007c0000000)
  eden space 65536K, 100% used [0x00000007aab00000,0x00000007aeb00000,0x00000007aeb00000)
  from space 10752K, 86% used [0x00000007aeb00000,0x00000007af417ea8,0x00000007af580000)
  to   space 10752K, 0% used [0x00000007b3580000,0x00000007b3580000,0x00000007b4000000)
 ParOldGen       total 175104K, used 16K [0x0000000780000000, 0x000000078ab00000, 0x00000007aab00000)
  object space 175104K, 0% used [0x0000000780000000,0x0000000780004000,0x000000078ab00000)
 Metaspace       used 19551K, capacity 20010K, committed 20224K, reserved 1067008K
  class space    used 2612K, capacity 2776K, committed 2816K, reserved 1048576K
Event: 1.593 GC heap after
Heap after GC invocations=2 (full 0):
 PSYoungGen      total 141824K, used 10750K [0x00000007aab00000, 0x00000007b4000000, 0x00000007c0000000)
  eden space 131072K, 0% used [0x00000007aab00000,0x00000007aab00000,0x00000007b2b00000)
  from space 10752K, 99% used [0x00000007b3580000,0x00000007b3fff8e0,0x00000007b4000000)
  to   space 10752K, 0% used [0x00000007b2b00000,0x00000007b2b00000,0x00000007b3580000)
 ParOldGen       total 175104K, used 1205K [0x0000000780000000, 0x000000078ab00000, 0x00000007aab00000)
  object space 175104K, 0% used [0x0000000780000000,0x000000078012d408,0x000000078ab00000)
 Metaspace       used 19551K, capacity 20010K, committed 20224K, reserved 1067008K
  class space    used 2612K, capacity 2776K, committed 2816K, reserved 1048576K
}
Event: 1.910 GC heap before
{Heap before GC invocations=3 (full 0):
 PSYoungGen      total 141824K, used 141822K [0x00000007aab00000, 0x00000007b4000000, 0x00000007c0000000)
  eden space 131072K, 100% used [0x00000007aab00000,0x00000007b2b00000,0x00000007b2b00000)
  from space 10752K, 99% used [0x00000007b3580000,0x00000007b3fff8e0,0x00000007b4000000)
  to   space 10752K, 0% used [0x00000007b2b00000,0x00000007b2b00000,0x00000007b3580000)
 ParOldGen       total 175104K, used 1205K [0x0000000780000000, 0x000000078ab00000, 0x00000007aab00000)
  object space 175104K, 0% used [0x0000000780000000,0x000000078012d408,0x000000078ab00000)
 Metaspace       used 19705K, capacity 20202K, committed 20480K, reserved 1067008K
  class space    used 2612K, capacity 2776K, committed 2816K, reserved 1048576K
Event: 1.917 GC heap after
Heap after GC invocations=3 (full 0):
 PSYoungGen      total 141824K, used 8041K [0x00000007aab00000, 0x00000007bc000000, 0x00000007c0000000)
  eden space 131072K, 0% used [0x00000007aab00000,0x00000007aab00000,0x00000007b2b00000)
  from space 10752K, 74% used [0x00000007b2b00000,0x00000007b32da470,0x00000007b3580000)
  to   space 10752K, 0% used [0x00000007bb580000,0x00000007bb580000,0x00000007bc000000)
 ParOldGen       total 175104K, used 1213K [0x0000000780000000, 0x000000078ab00000, 0x00000007aab00000)
  object space 175104K, 0% used [0x0000000780000000,0x000000078012f408,0x000000078ab00000)
 Metaspace       used 19705K, capacity 20202K, committed 20480K, reserved 1067008K
  class space    used 2612K, capacity 2776K, committed 2816K, reserved 1048576K
}
Event: 2.145 GC heap before
{Heap before GC invocations=4 (full 0):
 PSYoungGen      total 141824K, used 87383K [0x00000007aab00000, 0x00000007bc000000, 0x00000007c0000000)
  eden space 131072K, 60% used [0x00000007aab00000,0x00000007af87b7c0,0x00000007b2b00000)
  from space 10752K, 74% used [0x00000007b2b00000,0x00000007b32da470,0x00000007b3580000)
  to   space 10752K, 0% used [0x00000007bb580000,0x00000007bb580000,0x00000007bc000000)
 ParOldGen       total 175104K, used 1213K [0x0000000780000000, 0x000000078ab00000, 0x00000007aab00000)
  object space 175104K, 0% used [0x0000000780000000,0x000000078012f408,0x000000078ab00000)
 Metaspace       used 20612K, capacity 21198K, committed 21296K, reserved 1067008K
  class space    used 2707K, capacity 2908K, committed 2944K, reserved 1048576K
Event: 2.154 GC heap after
Heap after GC invocations=4 (full 0):
 PSYoungGen      total 272896K, used 10641K [0x00000007aab00000, 0x00000007bc000000, 0x00000007c0000000)
  eden space 262144K, 0% used [0x00000007aab00000,0x00000007aab00000,0x00000007bab00000)
  from space 10752K, 98% used [0x00000007bb580000,0x00000007bbfe45f0,0x00000007bc000000)
  to   space 10752K, 0% used [0x00000007bab00000,0x00000007bab00000,0x00000007bb580000)
 ParOldGen       total 175104K, used 1221K [0x0000000780000000, 0x000000078ab00000, 0x00000007aab00000)
  object space 175104K, 0% used [0x0000000780000000,0x0000000780131408,0x000000078ab00000)
 Metaspace       used 20612K, capacity 21198K, committed 21296K, reserved 1067008K
  class space    used 2707K, capacity 2908K, committed 2944K, reserved 1048576K
}
Event: 2.154 GC heap before
{Heap before GC invocations=5 (full 1):
 PSYoungGen      total 272896K, used 10641K [0x00000007aab00000, 0x00000007bc000000, 0x00000007c0000000)
  eden space 262144K, 0% used [0x00000007aab00000,0x00000007aab00000,0x00000007bab00000)
  from space 10752K, 98% used [0x00000007bb580000,0x00000007bbfe45f0,0x00000007bc000000)
  to   space 10752K, 0% used [0x00000007bab00000,0x00000007bab00000,0x00000007bb580000)
 ParOldGen       total 175104K, used 1221K [0x0000000780000000, 0x000000078ab00000, 0x00000007aab00000)
  object space 175104K, 0% used [0x0000000780000000,0x0000000780131408,0x000000078ab00000)
 Metaspace       used 20612K, capacity 21198K, committed 21296K, reserved 1067008K
  class space    used 2707K, capacity 2908K, committed 2944K, reserved 1048576K

Deoptimization events (10 events):
Event: 2.122 Thread 0x00007fb362b52000 Uncommon trap: reason=class_check action=maybe_recompile pc=0x0000000106a44ae4 method=sun.misc.URLClassPath.getResource(Ljava/lang/String;Z)Lsun/misc/Resource; @ 62
Event: 2.127 Thread 0x00007fb362b52000 Uncommon trap: reason=class_check action=maybe_recompile pc=0x0000000106701570 method=sun.misc.URLClassPath.getLoader(I)Lsun/misc/URLClassPath$Loader; @ 193
Event: 2.128 Thread 0x00007fb362b52000 Uncommon trap: reason=class_check action=maybe_recompile pc=0x0000000106701570 method=sun.misc.URLClassPath.getLoader(I)Lsun/misc/URLClassPath$Loader; @ 193
Event: 2.130 Thread 0x00007fb362b52000 Uncommon trap: reason=class_check action=maybe_recompile pc=0x0000000106701570 method=sun.misc.URLClassPath.getLoader(I)Lsun/misc/URLClassPath$Loader; @ 193
Event: 2.131 Thread 0x00007fb362b52000 Uncommon trap: reason=class_check action=maybe_recompile pc=0x000000010690184c method=org.codehaus.groovy.runtime.metaclass.MetaMethodIndex.addMethodToList(Ljava/lang/Object;Lgroovy/lang/MetaMethod;)Ljava/lang/Object; @ 126
Event: 2.131 Thread 0x00007fb362b52000 Uncommon trap: reason=class_check action=maybe_recompile pc=0x000000010690184c method=org.codehaus.groovy.runtime.metaclass.MetaMethodIndex.addMethodToList(Ljava/lang/Object;Lgroovy/lang/MetaMethod;)Ljava/lang/Object; @ 126
Event: 2.131 Thread 0x00007fb362b52000 Uncommon trap: reason=class_check action=maybe_recompile pc=0x000000010690184c method=org.codehaus.groovy.runtime.metaclass.MetaMethodIndex.addMethodToList(Ljava/lang/Object;Lgroovy/lang/MetaMethod;)Ljava/lang/Object; @ 126
Event: 2.131 Thread 0x00007fb362b52000 Uncommon trap: reason=class_check action=maybe_recompile pc=0x000000010690184c method=org.codehaus.groovy.runtime.metaclass.MetaMethodIndex.addMethodToList(Ljava/lang/Object;Lgroovy/lang/MetaMethod;)Ljava/lang/Object; @ 126
Event: 2.134 Thread 0x00007fb362b52000 Uncommon trap: reason=unstable_if action=reinterpret pc=0x0000000106747f7c method=java.lang.ref.ReferenceQueue.poll()Ljava/lang/ref/Reference; @ 4
Event: 2.134 Thread 0x00007fb362b52000 Uncommon trap: reason=unstable_if action=reinterpret pc=0x00000001067e6e74 method=java.lang.ref.ReferenceQueue.poll()Ljava/lang/ref/Reference; @ 4

Internal exceptions (10 events):
Event: 1.518 Thread 0x00007fb362b52000 Exception <a 'java/lang/ClassNotFoundException': org/gradle/groovy/scripts/DefaultScriptCustomizer> (0x00000007ae5e4758) thrown at [/Users/java_re/workspace/8-2-build-macosx-x86_64/jdk8u40/2855/hotspot/src/share/vm/classfile/systemDictionary.cpp, line 210
Event: 1.519 Thread 0x00007fb362b52000 Exception <a 'java/lang/ClassNotFoundException': org/gradle/initialization/InitScriptCustomizer> (0x00000007ae60fb68) thrown at [/Users/java_re/workspace/8-2-build-macosx-x86_64/jdk8u40/2855/hotspot/src/share/vm/classfile/systemDictionary.cpp, line 210]
Event: 1.520 Thread 0x00007fb362b52000 Exception <a 'java/lang/ClassNotFoundException': org/gradle/initialization/InitScript_DecoratedCustomizer> (0x00000007ae649758) thrown at [/Users/java_re/workspace/8-2-build-macosx-x86_64/jdk8u40/2855/hotspot/src/share/vm/classfile/systemDictionary.cpp, l
Event: 2.065 Thread 0x00007fb362b52000 Implicit null exception at 0x00000001066edfb5 to 0x00000001066ee1e9
Event: 2.127 Thread 0x00007fb362b52000 Exception <a 'java/lang/ClassNotFoundException': asLocalRepo2_66k2daq8bfs704baj0bv3ciittBeanInfo> (0x00000007af3e7a30) thrown at [/Users/java_re/workspace/8-2-build-macosx-x86_64/jdk8u40/2855/hotspot/src/share/vm/classfile/systemDictionary.cpp, line 210]
Event: 2.128 Thread 0x00007fb362b52000 Exception <a 'java/lang/ClassNotFoundException': asLocalRepo2_66k2daq8bfs704baj0bv3ciittCustomizer> (0x00000007af40d038) thrown at [/Users/java_re/workspace/8-2-build-macosx-x86_64/jdk8u40/2855/hotspot/src/share/vm/classfile/systemDictionary.cpp, line 210
Event: 2.132 Thread 0x00007fb362b52000 Exception <a 'java/lang/ClassNotFoundException': groovy/lang/Closure$1BeanInfo> (0x00000007af48ae20) thrown at [/Users/java_re/workspace/8-2-build-macosx-x86_64/jdk8u40/2855/hotspot/src/share/vm/classfile/systemDictionary.cpp, line 210]
Event: 2.133 Thread 0x00007fb362b52000 Exception <a 'java/lang/ClassNotFoundException': groovy/lang/ClosureBeanInfo> (0x00000007af4a61c8) thrown at [/Users/java_re/workspace/8-2-build-macosx-x86_64/jdk8u40/2855/hotspot/src/share/vm/classfile/systemDictionary.cpp, line 210]
Event: 2.133 Thread 0x00007fb362b52000 Exception <a 'java/lang/ClassNotFoundException': groovy/lang/ClosureCustomizer> (0x00000007af4c1f98) thrown at [/Users/java_re/workspace/8-2-build-macosx-x86_64/jdk8u40/2855/hotspot/src/share/vm/classfile/systemDictionary.cpp, line 210]
Event: 2.136 Thread 0x00007fb362b52000 Exception <a 'java/lang/ClassNotFoundException': groovy/lang/Closure$1Customizer> (0x00000007af5036a8) thrown at [/Users/java_re/workspace/8-2-build-macosx-x86_64/jdk8u40/2855/hotspot/src/share/vm/classfile/systemDictionary.cpp, line 210]

Events (10 events):
Event: 2.137 loading class org/codehaus/groovy/runtime/metaclass/ClosureMetaClass done
Event: 2.138 loading class org/codehaus/groovy/runtime/metaclass/ClosureMetaClass$MethodChooser
Event: 2.138 loading class org/codehaus/groovy/runtime/metaclass/ClosureMetaClass$MethodChooser done
Event: 2.139 loading class org/codehaus/groovy/runtime/metaclass/ClosureMetaClass$1
Event: 2.139 loading class org/codehaus/groovy/runtime/metaclass/ClosureMetaClass$1 done
Event: 2.141 loading class org/codehaus/groovy/runtime/metaclass/ClosureMetaClass$StandardClosureChooser
Event: 2.141 loading class org/codehaus/groovy/runtime/metaclass/ClosureMetaClass$StandardClosureChooser done
Event: 2.141 loading class org/codehaus/groovy/runtime/ArrayUtil
Event: 2.141 loading class org/codehaus/groovy/runtime/ArrayUtil done
Event: 2.145 Executing VM operation: CollectForMetadataAllocation


Dynamic libraries:
0x0000000000a27000 	/System/Library/Frameworks/Cocoa.framework/Versions/A/Cocoa
0x0000000000a27000 	/System/Library/Frameworks/Security.framework/Versions/A/Security
0x0000000000a27000 	/System/Library/Frameworks/ApplicationServices.framework/Versions/A/ApplicationServices
0x0000000000a27000 	/usr/lib/libz.1.dylib
0x0000000000a27000 	/usr/lib/libSystem.B.dylib
0x0000000000a27000 	/usr/lib/libobjc.A.dylib
0x0000000000a27000 	/System/Library/Frameworks/CoreFoundation.framework/Versions/A/CoreFoundation
0x0000000000a27000 	/System/Library/Frameworks/Foundation.framework/Versions/C/Foundation
0x0000000000a27000 	/System/Library/Frameworks/AppKit.framework/Versions/C/AppKit
0x0000000000a27000 	/System/Library/Frameworks/CoreData.framework/Versions/A/CoreData
0x0000000000a27000 	/System/Library/PrivateFrameworks/RemoteViewServices.framework/Versions/A/RemoteViewServices
0x0000000000a27000 	/System/Library/PrivateFrameworks/UIFoundation.framework/Versions/A/UIFoundation
0x0000000000a27000 	/System/Library/Frameworks/IOSurface.framework/Versions/A/IOSurface
0x0000000000a27000 	/System/Library/Frameworks/AudioToolbox.framework/Versions/A/AudioToolbox
0x0000000000a27000 	/System/Library/Frameworks/AudioUnit.framework/Versions/A/AudioUnit
0x0000000000a27000 	/System/Library/PrivateFrameworks/DataDetectorsCore.framework/Versions/A/DataDetectorsCore
0x0000000000a27000 	/System/Library/PrivateFrameworks/DesktopServicesPriv.framework/Versions/A/DesktopServicesPriv
0x0000000000a27000 	/System/Library/Frameworks/Carbon.framework/Versions/A/Frameworks/HIToolbox.framework/Versions/A/HIToolbox
0x0000000000a27000 	/System/Library/Frameworks/QuartzCore.framework/Versions/A/QuartzCore
0x0000000000a27000 	/System/Library/Frameworks/Carbon.framework/Versions/A/Frameworks/SpeechRecognition.framework/Versions/A/SpeechRecognition
0x0000000000a27000 	/usr/lib/libauto.dylib
0x0000000000a27000 	/usr/lib/libicucore.A.dylib
0x0000000000a27000 	/usr/lib/libxml2.2.dylib
0x0000000000a27000 	/System/Library/PrivateFrameworks/CoreUI.framework/Versions/A/CoreUI
0x0000000000a27000 	/System/Library/Frameworks/CoreAudio.framework/Versions/A/CoreAudio
0x0000000000a27000 	/System/Library/Frameworks/DiskArbitration.framework/Versions/A/DiskArbitration
0x0000000000a27000 	/usr/lib/liblangid.dylib
0x0000000000a27000 	/System/Library/PrivateFrameworks/MultitouchSupport.framework/Versions/A/MultitouchSupport
0x0000000000a27000 	/System/Library/Frameworks/IOKit.framework/Versions/A/IOKit
0x0000000000a27000 	/usr/lib/libDiagnosticMessagesClient.dylib
0x0000000000a27000 	/System/Library/Frameworks/CoreServices.framework/Versions/A/CoreServices
0x0000000000a27000 	/System/Library/PrivateFrameworks/PerformanceAnalysis.framework/Versions/A/PerformanceAnalysis
0x0000000000a27000 	/System/Library/PrivateFrameworks/GenerationalStorage.framework/Versions/A/GenerationalStorage
0x0000000000a27000 	/System/Library/Frameworks/OpenGL.framework/Versions/A/OpenGL
0x0000000000a27000 	/System/Library/PrivateFrameworks/Sharing.framework/Versions/A/Sharing
0x0000000000a27000 	/System/Library/Frameworks/CoreGraphics.framework/Versions/A/CoreGraphics
0x0000000000a27000 	/System/Library/Frameworks/CoreText.framework/Versions/A/CoreText
0x0000000000a27000 	/System/Library/Frameworks/ImageIO.framework/Versions/A/ImageIO
0x0000000000a27000 	/usr/lib/libextension.dylib
0x0000000000a27000 	/System/Library/PrivateFrameworks/Backup.framework/Versions/A/Backup
0x0000000000a27000 	/usr/lib/libarchive.2.dylib
0x0000000000a27000 	/System/Library/Frameworks/CFNetwork.framework/Versions/A/CFNetwork
0x0000000000a27000 	/System/Library/Frameworks/SystemConfiguration.framework/Versions/A/SystemConfiguration
0x0000000000a27000 	/usr/lib/libCRFSuite.dylib
0x0000000000a27000 	/usr/lib/libc++.1.dylib
0x0000000000a27000 	/usr/lib/libc++abi.dylib
0x0000000000a27000 	/usr/lib/system/libcache.dylib
0x0000000000a27000 	/usr/lib/system/libcommonCrypto.dylib
0x0000000000a27000 	/usr/lib/system/libcompiler_rt.dylib
0x0000000000a27000 	/usr/lib/system/libcopyfile.dylib
0x0000000000a27000 	/usr/lib/system/libcorecrypto.dylib
0x0000000000a27000 	/usr/lib/system/libdispatch.dylib
0x0000000000a27000 	/usr/lib/system/libdyld.dylib
0x0000000000a27000 	/usr/lib/system/libkeymgr.dylib
0x0000000000a27000 	/usr/lib/system/liblaunch.dylib
0x0000000000a27000 	/usr/lib/system/libmacho.dylib
0x0000000000a27000 	/usr/lib/system/libquarantine.dylib
0x0000000000a27000 	/usr/lib/system/libremovefile.dylib
0x0000000000a27000 	/usr/lib/system/libsystem_asl.dylib
0x0000000000a27000 	/usr/lib/system/libsystem_blocks.dylib
0x0000000000a27000 	/usr/lib/system/libsystem_c.dylib
0x0000000000a27000 	/usr/lib/system/libsystem_configuration.dylib
0x0000000000a27000 	/usr/lib/system/libsystem_coreservices.dylib
0x0000000000a27000 	/usr/lib/system/libsystem_coretls.dylib
0x0000000000a27000 	/usr/lib/system/libsystem_dnssd.dylib
0x0000000000a27000 	/usr/lib/system/libsystem_info.dylib
0x0000000000a27000 	/usr/lib/system/libsystem_kernel.dylib
0x0000000000a27000 	/usr/lib/system/libsystem_m.dylib
0x0000000000a27000 	/usr/lib/system/libsystem_malloc.dylib
0x0000000000a27000 	/usr/lib/system/libsystem_network.dylib
0x0000000000a27000 	/usr/lib/system/libsystem_networkextension.dylib
0x0000000000a27000 	/usr/lib/system/libsystem_notify.dylib
0x0000000000a27000 	/usr/lib/system/libsystem_platform.dylib
0x0000000000a27000 	/usr/lib/system/libsystem_pthread.dylib
0x0000000000a27000 	/usr/lib/system/libsystem_sandbox.dylib
0x0000000000a27000 	/usr/lib/system/libsystem_secinit.dylib
0x0000000000a27000 	/usr/lib/system/libsystem_stats.dylib
0x0000000000a27000 	/usr/lib/system/libsystem_trace.dylib
0x0000000000a27000 	/usr/lib/system/libunc.dylib
0x0000000000a27000 	/usr/lib/system/libunwind.dylib
0x0000000000a27000 	/usr/lib/system/libxpc.dylib
0x0000000000a27000 	/usr/lib/libbz2.1.0.dylib
0x0000000000a27000 	/usr/lib/liblzma.5.dylib
0x0000000000a27000 	/usr/lib/libbsm.0.dylib
0x0000000000a27000 	/usr/lib/libsqlite3.dylib
0x0000000000a27000 	/usr/lib/system/libkxld.dylib
0x0000000000a27000 	/usr/lib/libxar.1.dylib
0x0000000000a27000 	/usr/lib/libpam.2.dylib
0x0000000000a27000 	/usr/lib/libOpenScriptingUtil.dylib
0x0000000000a27000 	/System/Library/Frameworks/CoreServices.framework/Versions/A/Frameworks/FSEvents.framework/Versions/A/FSEvents
0x0000000000a27000 	/System/Library/Frameworks/CoreServices.framework/Versions/A/Frameworks/CarbonCore.framework/Versions/A/CarbonCore
0x0000000000a27000 	/System/Library/Frameworks/CoreServices.framework/Versions/A/Frameworks/Metadata.framework/Versions/A/Metadata
0x0000000000a27000 	/System/Library/Frameworks/CoreServices.framework/Versions/A/Frameworks/OSServices.framework/Versions/A/OSServices
0x0000000000a27000 	/System/Library/Frameworks/CoreServices.framework/Versions/A/Frameworks/SearchKit.framework/Versions/A/SearchKit
0x0000000000a27000 	/System/Library/Frameworks/CoreServices.framework/Versions/A/Frameworks/AE.framework/Versions/A/AE
0x0000000000a27000 	/System/Library/Frameworks/CoreServices.framework/Versions/A/Frameworks/LaunchServices.framework/Versions/A/LaunchServices
0x0000000000a27000 	/System/Library/Frameworks/CoreServices.framework/Versions/A/Frameworks/DictionaryServices.framework/Versions/A/DictionaryServices
0x0000000000a27000 	/System/Library/Frameworks/NetFS.framework/Versions/A/NetFS
0x0000000000a27000 	/System/Library/PrivateFrameworks/NetAuth.framework/Versions/A/NetAuth
0x0000000000a27000 	/System/Library/PrivateFrameworks/login.framework/Versions/A/Frameworks/loginsupport.framework/Versions/A/loginsupport
0x0000000000a27000 	/System/Library/PrivateFrameworks/TCC.framework/Versions/A/TCC
0x0000000000a27000 	/usr/lib/libmecabra.dylib
0x0000000000a27000 	/System/Library/Frameworks/ApplicationServices.framework/Versions/A/Frameworks/ATS.framework/Versions/A/ATS
0x0000000000a27000 	/System/Library/Frameworks/ApplicationServices.framework/Versions/A/Frameworks/ColorSync.framework/Versions/A/ColorSync
0x0000000000a27000 	/System/Library/Frameworks/ApplicationServices.framework/Versions/A/Frameworks/HIServices.framework/Versions/A/HIServices
0x0000000000a27000 	/System/Library/Frameworks/ApplicationServices.framework/Versions/A/Frameworks/LangAnalysis.framework/Versions/A/LangAnalysis
0x0000000000a27000 	/System/Library/Frameworks/ApplicationServices.framework/Versions/A/Frameworks/PrintCore.framework/Versions/A/PrintCore
0x0000000000a27000 	/System/Library/Frameworks/ApplicationServices.framework/Versions/A/Frameworks/QD.framework/Versions/A/QD
0x0000000000a27000 	/System/Library/Frameworks/ApplicationServices.framework/Versions/A/Frameworks/SpeechSynthesis.framework/Versions/A/SpeechSynthesis
0x0000000000a27000 	/System/Library/Frameworks/Accelerate.framework/Versions/A/Accelerate
0x0000000000a27000 	/System/Library/Frameworks/Accelerate.framework/Versions/A/Frameworks/vImage.framework/Versions/A/vImage
0x0000000000a27000 	/System/Library/Frameworks/Accelerate.framework/Versions/A/Frameworks/vecLib.framework/Versions/A/vecLib
0x0000000000a27000 	/System/Library/Frameworks/Accelerate.framework/Versions/A/Frameworks/vecLib.framework/Versions/A/libvDSP.dylib
0x0000000000a27000 	/System/Library/Frameworks/Accelerate.framework/Versions/A/Frameworks/vecLib.framework/Versions/A/libvMisc.dylib
0x0000000000a27000 	/System/Library/Frameworks/Accelerate.framework/Versions/A/Frameworks/vecLib.framework/Versions/A/libLAPACK.dylib
0x0000000000a27000 	/System/Library/Frameworks/Accelerate.framework/Versions/A/Frameworks/vecLib.framework/Versions/A/libBLAS.dylib
0x0000000000a27000 	/System/Library/Frameworks/Accelerate.framework/Versions/A/Frameworks/vecLib.framework/Versions/A/libLinearAlgebra.dylib
0x0000000000a27000 	/System/Library/Frameworks/ApplicationServices.framework/Versions/A/Frameworks/ATS.framework/Versions/A/Resources/libFontParser.dylib
0x0000000000a27000 	/System/Library/Frameworks/ApplicationServices.framework/Versions/A/Frameworks/ATS.framework/Versions/A/Resources/libFontRegistry.dylib
0x0000000000a27000 	/System/Library/PrivateFrameworks/AppleVPA.framework/Versions/A/AppleVPA
0x0000000000a27000 	/System/Library/PrivateFrameworks/AppleJPEG.framework/Versions/A/AppleJPEG
0x0000000000a27000 	/System/Library/Frameworks/ImageIO.framework/Versions/A/Resources/libJPEG.dylib
0x0000000000a27000 	/System/Library/Frameworks/ImageIO.framework/Versions/A/Resources/libTIFF.dylib
0x0000000000a27000 	/System/Library/Frameworks/ImageIO.framework/Versions/A/Resources/libPng.dylib
0x0000000000a27000 	/System/Library/Frameworks/ImageIO.framework/Versions/A/Resources/libGIF.dylib
0x0000000000a27000 	/System/Library/Frameworks/ImageIO.framework/Versions/A/Resources/libJP2.dylib
0x0000000000a27000 	/System/Library/Frameworks/ImageIO.framework/Versions/A/Resources/libRadiance.dylib
0x0000000000a27000 	/System/Library/Frameworks/CoreVideo.framework/Versions/A/CoreVideo
0x0000000000a27000 	/System/Library/Frameworks/OpenGL.framework/Versions/A/Libraries/libGLU.dylib
0x0000000000a27000 	/System/Library/Frameworks/OpenGL.framework/Versions/A/Libraries/libGFXShared.dylib
0x0000000000a27000 	/System/Library/Frameworks/OpenGL.framework/Versions/A/Libraries/libGL.dylib
0x0000000000a27000 	/System/Library/Frameworks/OpenGL.framework/Versions/A/Libraries/libGLImage.dylib
0x0000000000a27000 	/System/Library/Frameworks/OpenGL.framework/Versions/A/Libraries/libCVMSPluginSupport.dylib
0x0000000000a27000 	/System/Library/Frameworks/OpenGL.framework/Versions/A/Libraries/libCoreVMClient.dylib
0x0000000000a27000 	/usr/lib/libcups.2.dylib
0x0000000000a27000 	/System/Library/Frameworks/Kerberos.framework/Versions/A/Kerberos
0x0000000000a27000 	/System/Library/Frameworks/GSS.framework/Versions/A/GSS
0x0000000000a27000 	/usr/lib/libresolv.9.dylib
0x0000000000a27000 	/usr/lib/libiconv.2.dylib
0x0000000000a27000 	/System/Library/PrivateFrameworks/Heimdal.framework/Versions/A/Heimdal
0x0000000000a27000 	/usr/lib/libheimdal-asn1.dylib
0x0000000000a27000 	/System/Library/Frameworks/OpenDirectory.framework/Versions/A/OpenDirectory
0x0000000000a27000 	/System/Library/PrivateFrameworks/CommonAuth.framework/Versions/A/CommonAuth
0x0000000000a27000 	/System/Library/Frameworks/OpenDirectory.framework/Versions/A/Frameworks/CFOpenDirectory.framework/Versions/A/CFOpenDirectory
0x0000000000a27000 	/System/Library/Frameworks/SecurityFoundation.framework/Versions/A/SecurityFoundation
0x0000000000a27000 	/System/Library/PrivateFrameworks/LanguageModeling.framework/Versions/A/LanguageModeling
0x0000000000a27000 	/usr/lib/libcmph.dylib
0x0000000000a27000 	/System/Library/Frameworks/ServiceManagement.framework/Versions/A/ServiceManagement
0x0000000000a27000 	/usr/lib/libxslt.1.dylib
0x0000000000a27000 	/System/Library/Frameworks/Carbon.framework/Versions/A/Frameworks/Ink.framework/Versions/A/Ink
0x0000000000a27000 	/System/Library/Frameworks/QuartzCore.framework/Versions/A/Frameworks/CoreImage.framework/Versions/A/CoreImage
0x0000000000a27000 	/System/Library/PrivateFrameworks/CrashReporterSupport.framework/Versions/A/CrashReporterSupport
0x0000000000a27000 	/System/Library/Frameworks/OpenCL.framework/Versions/A/OpenCL
0x0000000000a27000 	/System/Library/PrivateFrameworks/FaceCore.framework/Versions/A/FaceCore
0x0000000000a27000 	/System/Library/PrivateFrameworks/Ubiquity.framework/Versions/A/Ubiquity
0x0000000000a27000 	/System/Library/PrivateFrameworks/IconServices.framework/Versions/A/IconServices
0x0000000000a27000 	/System/Library/PrivateFrameworks/ChunkingLibrary.framework/Versions/A/ChunkingLibrary
0x0000000000a27000 	/System/Library/PrivateFrameworks/Apple80211.framework/Versions/A/Apple80211
0x0000000000a27000 	/System/Library/Frameworks/CoreWLAN.framework/Versions/A/CoreWLAN
0x0000000000a27000 	/System/Library/Frameworks/IOBluetooth.framework/Versions/A/IOBluetooth
0x0000000000a27000 	/System/Library/PrivateFrameworks/CoreWiFi.framework/Versions/A/CoreWiFi
0x0000000000a27000 	/System/Library/Frameworks/CoreBluetooth.framework/Versions/A/CoreBluetooth
0x0000000000a27000 	/System/Library/PrivateFrameworks/DebugSymbols.framework/Versions/A/DebugSymbols
0x0000000000a27000 	/System/Library/PrivateFrameworks/CoreSymbolication.framework/Versions/A/CoreSymbolication
0x0000000000a27000 	/System/Library/PrivateFrameworks/Symbolication.framework/Versions/A/Symbolication
0x0000000000a27000 	/System/Library/PrivateFrameworks/SpeechRecognitionCore.framework/Versions/A/SpeechRecognitionCore
0x0000000105400000 	/Library/Java/JavaVirtualMachines/jdk1.8.0_40.jdk/Contents/Home/jre/lib/server/libjvm.dylib
0x0000000000a27000 	/usr/lib/libstdc++.6.dylib
0x0000000104347000 	/Library/Java/JavaVirtualMachines/jdk1.8.0_40.jdk/Contents/Home/jre/lib/libverify.dylib
0x0000000104355000 	/Library/Java/JavaVirtualMachines/jdk1.8.0_40.jdk/Contents/Home/jre/lib/libjava.dylib
0x0000000104394000 	/Library/Java/JavaVirtualMachines/jdk1.8.0_40.jdk/Contents/Home/jre/lib/libzip.dylib
0x000000011aea7000 	/System/Library/Frameworks/JavaVM.framework/Frameworks/JavaRuntimeSupport.framework/JavaRuntimeSupport
0x000000011aebf000 	/System/Library/Frameworks/JavaVM.framework/Versions/A/Frameworks/JavaNativeFoundation.framework/Versions/A/JavaNativeFoundation
0x000000011aed4000 	/System/Library/Frameworks/JavaVM.framework/Versions/A/JavaVM
0x0000000000a27000 	/System/Library/Frameworks/Carbon.framework/Versions/A/Carbon
0x000000011aee1000 	/System/Library/PrivateFrameworks/JavaLaunching.framework/Versions/A/JavaLaunching
0x0000000000a27000 	/System/Library/Frameworks/Carbon.framework/Versions/A/Frameworks/CommonPanels.framework/Versions/A/CommonPanels
0x0000000000a27000 	/System/Library/Frameworks/Carbon.framework/Versions/A/Frameworks/Help.framework/Versions/A/Help
0x0000000000a27000 	/System/Library/Frameworks/Carbon.framework/Versions/A/Frameworks/ImageCapture.framework/Versions/A/ImageCapture
0x0000000000a27000 	/System/Library/Frameworks/Carbon.framework/Versions/A/Frameworks/OpenScripting.framework/Versions/A/OpenScripting
0x0000000000a27000 	/System/Library/Frameworks/Carbon.framework/Versions/A/Frameworks/Print.framework/Versions/A/Print
0x0000000000a27000 	/System/Library/Frameworks/Carbon.framework/Versions/A/Frameworks/SecurityHI.framework/Versions/A/SecurityHI
0x000000011d6fb000 	/private/var/folders/rd/zy44m6290sbgpgk__jkc5__80000gn/T/native-platform5008840851632956149dir/libnative-platform-osx-universal.dylib
0x000000011d701000 	/Library/Java/JavaVirtualMachines/jdk1.8.0_40.jdk/Contents/Home/jre/lib/libnet.dylib
0x000000011d718000 	/Library/Java/JavaVirtualMachines/jdk1.8.0_40.jdk/Contents/Home/jre/lib/libnio.dylib
0x000000011dd34000 	/private/var/folders/rd/zy44m6290sbgpgk__jkc5__80000gn/T/jna4210356336920680998.tmp

VM Arguments:
jvm_args: -XX:MaxPermSize=256m -XX:+HeapDumpOnOutOfMemoryError -Xmx1024m -Dfile.encoding=UTF-8 
java_command: org.gradle.launcher.daemon.bootstrap.GradleDaemon 1.10 /Users/pepesan/.gradle/daemon 10800000 310d64fb-624f-4a5d-8bbc-d4b66db958db -XX:MaxPermSize=256m -XX:+HeapDumpOnOutOfMemoryError -Xmx1024m -Dfile.encoding=UTF-8
java_class_path (initial): /Users/pepesan/Documents/gradle-1.10/lib/gradle-launcher-1.10.jar
Launcher Type: SUN_STANDARD

Environment Variables:
PATH=/usr/bin:/bin:/usr/sbin:/sbin
SHELL=/bin/bash

Signal Handlers:
SIGSEGV: [libjvm.dylib+0x58ef95], sa_mask[0]=11111111011111110111111111111111, sa_flags=SA_ONSTACK|SA_RESTART|SA_SIGINFO
SIGBUS: [libjvm.dylib+0x58ef95], sa_mask[0]=11111111011111110111111111111111, sa_flags=SA_RESTART|SA_SIGINFO
SIGFPE: [libjvm.dylib+0x46c118], sa_mask[0]=11111111011111110111111111111111, sa_flags=SA_RESTART|SA_SIGINFO
SIGPIPE: [libjvm.dylib+0x46c118], sa_mask[0]=11111111011111110111111111111111, sa_flags=SA_RESTART|SA_SIGINFO
SIGXFSZ: [libjvm.dylib+0x46c118], sa_mask[0]=11111111011111110111111111111111, sa_flags=SA_RESTART|SA_SIGINFO
SIGILL: [libjvm.dylib+0x46c118], sa_mask[0]=11111111011111110111111111111111, sa_flags=SA_RESTART|SA_SIGINFO
SIGUSR1: SIG_DFL, sa_mask[0]=00000000000000000000000000000000, sa_flags=none
SIGUSR2: [libjvm.dylib+0x46bc36], sa_mask[0]=00100000000000000000000000000000, sa_flags=SA_RESTART|SA_SIGINFO
SIGHUP: [libjvm.dylib+0x46a209], sa_mask[0]=11111111011111110111111111111111, sa_flags=SA_RESTART|SA_SIGINFO
SIGINT: [libjvm.dylib+0x46a209], sa_mask[0]=11111111011111110111111111111111, sa_flags=SA_RESTART|SA_SIGINFO
SIGTERM: [libjvm.dylib+0x46a209], sa_mask[0]=11111111011111110111111111111111, sa_flags=SA_RESTART|SA_SIGINFO
SIGQUIT: [libjvm.dylib+0x46a209], sa_mask[0]=11111111011111110111111111111111, sa_flags=SA_RESTART|SA_SIGINFO


---------------  S Y S T E M  ---------------

OS:Bsduname:Darwin 14.4.0 Darwin Kernel Version 14.4.0: Thu May 28 11:35:04 PDT 2015; root:xnu-2782.30.5~1/RELEASE_X86_64 x86_64
rlimit: STACK 8192k, CORE 0k, NPROC 709, NOFILE 10240, AS infinity
load average:1.99 1.72 1.68

CPU:total 8 (4 cores per cpu, 2 threads per core) family 6 model 58 stepping 9, cmov, cx8, fxsr, mmx, sse, sse2, sse3, ssse3, sse4.1, sse4.2, popcnt, avx, aes, clmul, erms, ht, tsc, tscinvbit, tscinv

Memory: 4k page, physical 16777216k(74360k free)

/proc/meminfo:


vm_info: Java HotSpot(TM) 64-Bit Server VM (25.40-b25) for bsd-amd64 JRE (1.8.0_40-b25), built on Feb 10 2015 21:07:25 by "java_re" with gcc 4.2.1 (Based on Apple Inc. build 5658) (LLVM build 2336.11.00)

time: Fri Jul 24 13:42:40 2015
elapsed time: 2 seconds (0d 0h 0m 2s)

